<?xml version="1.0" encoding="utf-8"?><testsuites name="pytest tests"><testsuite name="pytest" errors="0" failures="0" skipped="0" tests="28" time="7.300" timestamp="2026-07-11T07:12:58.102045+00:00" hostname="agent-env-82b5db36-85f6-4b82-9bbb-87d42f2d2893"><testcase classname="tests.backend_test.TestFullFlow" name="test_1_create_project" time="0.321" /><testcase classname="tests.backend_test.TestSeedData" name="test_root" time="0.250" /><testcase classname="tests.backend_test.TestSeedData" name="test_projects_open_seeded" time="0.031" /><testcase classname="tests.backend_test.TestSeedData" name="test_clippers_seeded" time="0.032" /><testcase classname="tests.backend_test.TestSeedData" name="test_contracts_seeded" time="0.035" /><testcase classname="tests.backend_test.TestFullFlow" name="test_2_fund_project" time="0.155" /><testcase classname="tests.backend_test.TestSeedData" name="test_admin_overview" time="0.036" /><testcase classname="tests.backend_test.TestSeedData" name="test_get_specific_clipper" time="0.030" /><testcase classname="tests.backend_test.TestSeedData" name="test_get_specific_project" time="0.071" /><testcase classname="tests.backend_test.TestFullFlow" name="test_3_create_bid" time="0.046" /><testcase classname="tests.backend_test.TestSeedData" name="test_get_specific_contract" time="0.034" /><testcase classname="tests.backend_test.TestFullFlow" name="test_4_accept_bid" time="0.041" /><testcase classname="tests.backend_test.TestSeedData" name="test_project_not_found" time="0.073" /><testcase classname="tests.backend_test.TestFullFlow" name="test_5_activate_contract" time="0.124" /><testcase classname="tests.backend_test.TestSeedData" name="test_bids_for_project" time="0.032" /><testcase classname="tests.backend_test.TestSeedData" name="test_brand_profiles" time="0.074" /><testcase classname="tests.backend_test.TestFullFlow" name="test_6_post_message" time="0.076" /><testcase classname="tests.backend_test.TestErrors" name="test_bad_activate" time="0.072" /><testcase classname="tests.backend_test.TestFullFlow" name="test_7_deliver" time="0.118" /><testcase classname="tests.backend_test.TestErrors" name="test_bad_accept_bid" time="0.032" /><testcase classname="tests.backend_test.TestErrors" name="test_bad_fund" time="0.073" /><testcase classname="tests.backend_test.TestAI" name="test_ai_chat_stream" time="2.389" /><testcase classname="tests.backend_test.TestFullFlow" name="test_8_revision" time="1.447" /><testcase classname="tests.backend_test.TestFullFlow" name="test_9_second_deliver" time="0.036" /><testcase classname="tests.backend_test.TestFullFlow" name="test_a_approve" time="0.082" /><testcase classname="tests.backend_test.TestBrandProfile" name="test_upsert" time="0.081" /><testcase classname="tests.backend_test.TestAI" name="test_ai_brief" time="2.990" /><testcase classname="tests.backend_test.TestRescueFlow" name="test_rescue_relaunch_on_new_contract" time="0.475" /></testsuite></testsuites>